Copyright 1986-2022 Xilinx, Inc. All Rights Reserved.
-----------------------------------------------------------------------------------------------------------------------------------------------
| Tool Version : Vivado v.2022.2 (win64) Build 3671981 Fri Oct 14 05:00:03 MDT 2022
| Date         : Thu Dec 15 11:57:28 2022
| Host         : DESKTOP-RTM9HP5 running 64-bit major release  (build 9200)
| Command      : report_methodology -file top_methodology_drc_routed.rpt -pb top_methodology_drc_routed.pb -rpx top_methodology_drc_routed.rpx
| Design       : top
| Device       : xc7a100tcsg324-1
| Speed File   : -1
| Design State : Fully Routed
-----------------------------------------------------------------------------------------------------------------------------------------------

Report Methodology

Table of Contents
-----------------
1. REPORT SUMMARY
2. REPORT DETAILS

1. REPORT SUMMARY
-----------------
            Netlist: netlist
          Floorplan: design_1
      Design limits: <entire design considered>
             Max violations: <unlimited>
             Violations found: 148
+-----------+------------------+--------------------------------+------------+
| Rule      | Severity         | Description                    | Violations |
+-----------+------------------+--------------------------------+------------+
| TIMING-17 | Critical Warning | Non-clocked sequential cell    | 82         |
| LUTAR-1   | Warning          | LUT drives async reset alert   | 25         |
| TIMING-18 | Warning          | Missing input or output delay  | 28         |
| TIMING-20 | Warning          | Non-clocked latch              | 12         |
| LATCH-1   | Advisory         | Existing latches in the design | 1          |
+-----------+------------------+--------------------------------+------------+

2. REPORT DETAILS
-----------------
TIMING-17#1 Critical Warning
Non-clocked sequential cell  
The clock pin CRONO_C/count_i_reg[0]/C is not reached by a timing clock
Related violations: <none>

TIMING-17#2 Critical Warning
Non-clocked sequential cell  
The clock pin CRONO_C/count_i_reg[10]/C is not reached by a timing clock
Related violations: <none>

TIMING-17#3 Critical Warning
Non-clocked sequential cell  
The clock pin CRONO_C/count_i_reg[11]/C is not reached by a timing clock
Related violations: <none>

TIMING-17#4 Critical Warning
Non-clocked sequential cell  
The clock pin CRONO_C/count_i_reg[12]/C is not reached by a timing clock
Related violations: <none>

TIMING-17#5 Critical Warning
Non-clocked sequential cell  
The clock pin CRONO_C/count_i_reg[1]/C is not reached by a timing clock
Related violations: <none>

TIMING-17#6 Critical Warning
Non-clocked sequential cell  
The clock pin CRONO_C/count_i_reg[2]/C is not reached by a timing clock
Related violations: <none>

TIMING-17#7 Critical Warning
Non-clocked sequential cell  
The clock pin CRONO_C/count_i_reg[3]/C is not reached by a timing clock
Related violations: <none>

TIMING-17#8 Critical Warning
Non-clocked sequential cell  
The clock pin CRONO_C/count_i_reg[4]/C is not reached by a timing clock
Related violations: <none>

TIMING-17#9 Critical Warning
Non-clocked sequential cell  
The clock pin CRONO_C/count_i_reg[5]/C is not reached by a timing clock
Related violations: <none>

TIMING-17#10 Critical Warning
Non-clocked sequential cell  
The clock pin CRONO_C/count_i_reg[6]/C is not reached by a timing clock
Related violations: <none>

TIMING-17#11 Critical Warning
Non-clocked sequential cell  
The clock pin CRONO_C/count_i_reg[7]/C is not reached by a timing clock
Related violations: <none>

TIMING-17#12 Critical Warning
Non-clocked sequential cell  
The clock pin CRONO_C/count_i_reg[8]/C is not reached by a timing clock
Related violations: <none>

TIMING-17#13 Critical Warning
Non-clocked sequential cell  
The clock pin CRONO_C/count_i_reg[9]/C is not reached by a timing clock
Related violations: <none>

TIMING-17#14 Critical Warning
Non-clocked sequential cell  
The clock pin CRONO_C/load_i_reg[0]/C is not reached by a timing clock
Related violations: <none>

TIMING-17#15 Critical Warning
Non-clocked sequential cell  
The clock pin CRONO_C/load_i_reg[10]_C/C is not reached by a timing clock
Related violations: <none>

TIMING-17#16 Critical Warning
Non-clocked sequential cell  
The clock pin CRONO_C/load_i_reg[10]_P/C is not reached by a timing clock
Related violations: <none>

TIMING-17#17 Critical Warning
Non-clocked sequential cell  
The clock pin CRONO_C/load_i_reg[11]_C/C is not reached by a timing clock
Related violations: <none>

TIMING-17#18 Critical Warning
Non-clocked sequential cell  
The clock pin CRONO_C/load_i_reg[11]_P/C is not reached by a timing clock
Related violations: <none>

TIMING-17#19 Critical Warning
Non-clocked sequential cell  
The clock pin CRONO_C/load_i_reg[12]_C/C is not reached by a timing clock
Related violations: <none>

TIMING-17#20 Critical Warning
Non-clocked sequential cell  
The clock pin CRONO_C/load_i_reg[12]_P/C is not reached by a timing clock
Related violations: <none>

TIMING-17#21 Critical Warning
Non-clocked sequential cell  
The clock pin CRONO_C/load_i_reg[1]_C/C is not reached by a timing clock
Related violations: <none>

TIMING-17#22 Critical Warning
Non-clocked sequential cell  
The clock pin CRONO_C/load_i_reg[1]_P/C is not reached by a timing clock
Related violations: <none>

TIMING-17#23 Critical Warning
Non-clocked sequential cell  
The clock pin CRONO_C/load_i_reg[2]_C/C is not reached by a timing clock
Related violations: <none>

TIMING-17#24 Critical Warning
Non-clocked sequential cell  
The clock pin CRONO_C/load_i_reg[2]_P/C is not reached by a timing clock
Related violations: <none>

TIMING-17#25 Critical Warning
Non-clocked sequential cell  
The clock pin CRONO_C/load_i_reg[3]_C/C is not reached by a timing clock
Related violations: <none>

TIMING-17#26 Critical Warning
Non-clocked sequential cell  
The clock pin CRONO_C/load_i_reg[3]_P/C is not reached by a timing clock
Related violations: <none>

TIMING-17#27 Critical Warning
Non-clocked sequential cell  
The clock pin CRONO_C/load_i_reg[4]_C/C is not reached by a timing clock
Related violations: <none>

TIMING-17#28 Critical Warning
Non-clocked sequential cell  
The clock pin CRONO_C/load_i_reg[4]_P/C is not reached by a timing clock
Related violations: <none>

TIMING-17#29 Critical Warning
Non-clocked sequential cell  
The clock pin CRONO_C/load_i_reg[5]_C/C is not reached by a timing clock
Related violations: <none>

TIMING-17#30 Critical Warning
Non-clocked sequential cell  
The clock pin CRONO_C/load_i_reg[5]_P/C is not reached by a timing clock
Related violations: <none>

TIMING-17#31 Critical Warning
Non-clocked sequential cell  
The clock pin CRONO_C/load_i_reg[6]_C/C is not reached by a timing clock
Related violations: <none>

TIMING-17#32 Critical Warning
Non-clocked sequential cell  
The clock pin CRONO_C/load_i_reg[6]_P/C is not reached by a timing clock
Related violations: <none>

TIMING-17#33 Critical Warning
Non-clocked sequential cell  
The clock pin CRONO_C/load_i_reg[7]_C/C is not reached by a timing clock
Related violations: <none>

TIMING-17#34 Critical Warning
Non-clocked sequential cell  
The clock pin CRONO_C/load_i_reg[7]_P/C is not reached by a timing clock
Related violations: <none>

TIMING-17#35 Critical Warning
Non-clocked sequential cell  
The clock pin CRONO_C/load_i_reg[8]_C/C is not reached by a timing clock
Related violations: <none>

TIMING-17#36 Critical Warning
Non-clocked sequential cell  
The clock pin CRONO_C/load_i_reg[8]_P/C is not reached by a timing clock
Related violations: <none>

TIMING-17#37 Critical Warning
Non-clocked sequential cell  
The clock pin CRONO_C/load_i_reg[9]_C/C is not reached by a timing clock
Related violations: <none>

TIMING-17#38 Critical Warning
Non-clocked sequential cell  
The clock pin CRONO_C/load_i_reg[9]_P/C is not reached by a timing clock
Related violations: <none>

TIMING-17#39 Critical Warning
Non-clocked sequential cell  
The clock pin CRONO_C/up_down_counter.final_reg/C is not reached by a timing clock
Related violations: <none>

TIMING-17#40 Critical Warning
Non-clocked sequential cell  
The clock pin DISP_CTRL_C/selector_de_digito/BIN_SEL_reg[0]/C is not reached by a timing clock
Related violations: <none>

TIMING-17#41 Critical Warning
Non-clocked sequential cell  
The clock pin DISP_CTRL_C/selector_de_digito/BIN_SEL_reg[1]/C is not reached by a timing clock
Related violations: <none>

TIMING-17#42 Critical Warning
Non-clocked sequential cell  
The clock pin DISP_CTRL_C/selector_de_digito/BIN_SEL_reg[2]/C is not reached by a timing clock
Related violations: <none>

TIMING-17#43 Critical Warning
Non-clocked sequential cell  
The clock pin DISP_CTRL_C/selector_de_digito/BIN_SEL_reg[3]/C is not reached by a timing clock
Related violations: <none>

TIMING-17#44 Critical Warning
Non-clocked sequential cell  
The clock pin DISP_CTRL_C/selector_de_digito/BIN_SEL_reg[4]/C is not reached by a timing clock
Related violations: <none>

TIMING-17#45 Critical Warning
Non-clocked sequential cell  
The clock pin DISP_CTRL_C/selector_de_digito/BIN_SEL_reg[5]/C is not reached by a timing clock
Related violations: <none>

TIMING-17#46 Critical Warning
Non-clocked sequential cell  
The clock pin DISP_CTRL_C/selector_de_digito/BIN_SEL_reg[6]/C is not reached by a timing clock
Related violations: <none>

TIMING-17#47 Critical Warning
Non-clocked sequential cell  
The clock pin DISP_CTRL_C/selector_de_digito/BIN_SEL_reg[7]/C is not reached by a timing clock
Related violations: <none>

TIMING-17#48 Critical Warning
Non-clocked sequential cell  
The clock pin DISP_CTRL_C/selector_de_digito/UINT_SEL_reg[0]/C is not reached by a timing clock
Related violations: <none>

TIMING-17#49 Critical Warning
Non-clocked sequential cell  
The clock pin DISP_CTRL_C/selector_de_digito/UINT_SEL_reg[1]/C is not reached by a timing clock
Related violations: <none>

TIMING-17#50 Critical Warning
Non-clocked sequential cell  
The clock pin DISP_CTRL_C/selector_de_digito/UINT_SEL_reg[2]/C is not reached by a timing clock
Related violations: <none>

TIMING-17#51 Critical Warning
Non-clocked sequential cell  
The clock pin DISP_CTRL_C/selector_de_digito/contador_reg[0]/C is not reached by a timing clock
Related violations: <none>

TIMING-17#52 Critical Warning
Non-clocked sequential cell  
The clock pin DISP_CTRL_C/selector_de_digito/contador_reg[10]/C is not reached by a timing clock
Related violations: <none>

TIMING-17#53 Critical Warning
Non-clocked sequential cell  
The clock pin DISP_CTRL_C/selector_de_digito/contador_reg[11]/C is not reached by a timing clock
Related violations: <none>

TIMING-17#54 Critical Warning
Non-clocked sequential cell  
The clock pin DISP_CTRL_C/selector_de_digito/contador_reg[12]/C is not reached by a timing clock
Related violations: <none>

TIMING-17#55 Critical Warning
Non-clocked sequential cell  
The clock pin DISP_CTRL_C/selector_de_digito/contador_reg[13]/C is not reached by a timing clock
Related violations: <none>

TIMING-17#56 Critical Warning
Non-clocked sequential cell  
The clock pin DISP_CTRL_C/selector_de_digito/contador_reg[14]/C is not reached by a timing clock
Related violations: <none>

TIMING-17#57 Critical Warning
Non-clocked sequential cell  
The clock pin DISP_CTRL_C/selector_de_digito/contador_reg[15]/C is not reached by a timing clock
Related violations: <none>

TIMING-17#58 Critical Warning
Non-clocked sequential cell  
The clock pin DISP_CTRL_C/selector_de_digito/contador_reg[16]/C is not reached by a timing clock
Related violations: <none>

TIMING-17#59 Critical Warning
Non-clocked sequential cell  
The clock pin DISP_CTRL_C/selector_de_digito/contador_reg[17]/C is not reached by a timing clock
Related violations: <none>

TIMING-17#60 Critical Warning
Non-clocked sequential cell  
The clock pin DISP_CTRL_C/selector_de_digito/contador_reg[18]/C is not reached by a timing clock
Related violations: <none>

TIMING-17#61 Critical Warning
Non-clocked sequential cell  
The clock pin DISP_CTRL_C/selector_de_digito/contador_reg[19]/C is not reached by a timing clock
Related violations: <none>

TIMING-17#62 Critical Warning
Non-clocked sequential cell  
The clock pin DISP_CTRL_C/selector_de_digito/contador_reg[1]/C is not reached by a timing clock
Related violations: <none>

TIMING-17#63 Critical Warning
Non-clocked sequential cell  
The clock pin DISP_CTRL_C/selector_de_digito/contador_reg[20]/C is not reached by a timing clock
Related violations: <none>

TIMING-17#64 Critical Warning
Non-clocked sequential cell  
The clock pin DISP_CTRL_C/selector_de_digito/contador_reg[21]/C is not reached by a timing clock
Related violations: <none>

TIMING-17#65 Critical Warning
Non-clocked sequential cell  
The clock pin DISP_CTRL_C/selector_de_digito/contador_reg[22]/C is not reached by a timing clock
Related violations: <none>

TIMING-17#66 Critical Warning
Non-clocked sequential cell  
The clock pin DISP_CTRL_C/selector_de_digito/contador_reg[23]/C is not reached by a timing clock
Related violations: <none>

TIMING-17#67 Critical Warning
Non-clocked sequential cell  
The clock pin DISP_CTRL_C/selector_de_digito/contador_reg[24]/C is not reached by a timing clock
Related violations: <none>

TIMING-17#68 Critical Warning
Non-clocked sequential cell  
The clock pin DISP_CTRL_C/selector_de_digito/contador_reg[25]/C is not reached by a timing clock
Related violations: <none>

TIMING-17#69 Critical Warning
Non-clocked sequential cell  
The clock pin DISP_CTRL_C/selector_de_digito/contador_reg[26]/C is not reached by a timing clock
Related violations: <none>

TIMING-17#70 Critical Warning
Non-clocked sequential cell  
The clock pin DISP_CTRL_C/selector_de_digito/contador_reg[27]/C is not reached by a timing clock
Related violations: <none>

TIMING-17#71 Critical Warning
Non-clocked sequential cell  
The clock pin DISP_CTRL_C/selector_de_digito/contador_reg[28]/C is not reached by a timing clock
Related violations: <none>

TIMING-17#72 Critical Warning
Non-clocked sequential cell  
The clock pin DISP_CTRL_C/selector_de_digito/contador_reg[29]/C is not reached by a timing clock
Related violations: <none>

TIMING-17#73 Critical Warning
Non-clocked sequential cell  
The clock pin DISP_CTRL_C/selector_de_digito/contador_reg[2]/C is not reached by a timing clock
Related violations: <none>

TIMING-17#74 Critical Warning
Non-clocked sequential cell  
The clock pin DISP_CTRL_C/selector_de_digito/contador_reg[30]/C is not reached by a timing clock
Related violations: <none>

TIMING-17#75 Critical Warning
Non-clocked sequential cell  
The clock pin DISP_CTRL_C/selector_de_digito/contador_reg[31]/C is not reached by a timing clock
Related violations: <none>

TIMING-17#76 Critical Warning
Non-clocked sequential cell  
The clock pin DISP_CTRL_C/selector_de_digito/contador_reg[3]/C is not reached by a timing clock
Related violations: <none>

TIMING-17#77 Critical Warning
Non-clocked sequential cell  
The clock pin DISP_CTRL_C/selector_de_digito/contador_reg[4]/C is not reached by a timing clock
Related violations: <none>

TIMING-17#78 Critical Warning
Non-clocked sequential cell  
The clock pin DISP_CTRL_C/selector_de_digito/contador_reg[5]/C is not reached by a timing clock
Related violations: <none>

TIMING-17#79 Critical Warning
Non-clocked sequential cell  
The clock pin DISP_CTRL_C/selector_de_digito/contador_reg[6]/C is not reached by a timing clock
Related violations: <none>

TIMING-17#80 Critical Warning
Non-clocked sequential cell  
The clock pin DISP_CTRL_C/selector_de_digito/contador_reg[7]/C is not reached by a timing clock
Related violations: <none>

TIMING-17#81 Critical Warning
Non-clocked sequential cell  
The clock pin DISP_CTRL_C/selector_de_digito/contador_reg[8]/C is not reached by a timing clock
Related violations: <none>

TIMING-17#82 Critical Warning
Non-clocked sequential cell  
The clock pin DISP_CTRL_C/selector_de_digito/contador_reg[9]/C is not reached by a timing clock
Related violations: <none>

LUTAR-1#1 Warning
LUT drives async reset alert  
LUT cell FSM_C/load_i[0]_i_4, with 2 or more inputs, drives asynchronous preset/clear pin(s) CRONO_C/load_i_reg[0]/CLR. The LUT may glitch and trigger an unexpected reset, even if it is a properly timed path.
Related violations: <none>

LUTAR-1#2 Warning
LUT drives async reset alert  
LUT cell FSM_C/load_i_reg[10]_LDC_i_1, with 2 or more inputs, drives asynchronous preset/clear pin(s) CRONO_C/load_i_reg[10]_P/PRE. The LUT may glitch and trigger an unexpected reset, even if it is a properly timed path.
Related violations: <none>

LUTAR-1#3 Warning
LUT drives async reset alert  
LUT cell FSM_C/load_i_reg[10]_LDC_i_2, with 2 or more inputs, drives asynchronous preset/clear pin(s) CRONO_C/load_i_reg[10]_C/CLR, CRONO_C/load_i_reg[10]_LDC/CLR. The LUT may glitch and trigger an unexpected reset, even if it is a properly timed path.
Related violations: <none>

LUTAR-1#4 Warning
LUT drives async reset alert  
LUT cell FSM_C/load_i_reg[11]_LDC_i_1, with 2 or more inputs, drives asynchronous preset/clear pin(s) CRONO_C/load_i_reg[11]_P/PRE. The LUT may glitch and trigger an unexpected reset, even if it is a properly timed path.
Related violations: <none>

LUTAR-1#5 Warning
LUT drives async reset alert  
LUT cell FSM_C/load_i_reg[11]_LDC_i_2, with 2 or more inputs, drives asynchronous preset/clear pin(s) CRONO_C/load_i_reg[11]_C/CLR, CRONO_C/load_i_reg[11]_LDC/CLR. The LUT may glitch and trigger an unexpected reset, even if it is a properly timed path.
Related violations: <none>

LUTAR-1#6 Warning
LUT drives async reset alert  
LUT cell FSM_C/load_i_reg[12]_LDC_i_1, with 2 or more inputs, drives asynchronous preset/clear pin(s) CRONO_C/load_i_reg[12]_P/PRE. The LUT may glitch and trigger an unexpected reset, even if it is a properly timed path.
Related violations: <none>

LUTAR-1#7 Warning
LUT drives async reset alert  
LUT cell FSM_C/load_i_reg[12]_LDC_i_2, with 2 or more inputs, drives asynchronous preset/clear pin(s) CRONO_C/load_i_reg[12]_C/CLR, CRONO_C/load_i_reg[12]_LDC/CLR. The LUT may glitch and trigger an unexpected reset, even if it is a properly timed path.
Related violations: <none>

LUTAR-1#8 Warning
LUT drives async reset alert  
LUT cell FSM_C/load_i_reg[1]_LDC_i_1, with 2 or more inputs, drives asynchronous preset/clear pin(s) CRONO_C/load_i_reg[1]_P/PRE. The LUT may glitch and trigger an unexpected reset, even if it is a properly timed path.
Related violations: <none>

LUTAR-1#9 Warning
LUT drives async reset alert  
LUT cell FSM_C/load_i_reg[1]_LDC_i_2, with 2 or more inputs, drives asynchronous preset/clear pin(s) CRONO_C/load_i_reg[1]_C/CLR, CRONO_C/load_i_reg[1]_LDC/CLR. The LUT may glitch and trigger an unexpected reset, even if it is a properly timed path.
Related violations: <none>

LUTAR-1#10 Warning
LUT drives async reset alert  
LUT cell FSM_C/load_i_reg[2]_LDC_i_1, with 2 or more inputs, drives asynchronous preset/clear pin(s) CRONO_C/load_i_reg[2]_P/PRE. The LUT may glitch and trigger an unexpected reset, even if it is a properly timed path.
Related violations: <none>

LUTAR-1#11 Warning
LUT drives async reset alert  
LUT cell FSM_C/load_i_reg[2]_LDC_i_2, with 2 or more inputs, drives asynchronous preset/clear pin(s) CRONO_C/load_i_reg[2]_C/CLR, CRONO_C/load_i_reg[2]_LDC/CLR. The LUT may glitch and trigger an unexpected reset, even if it is a properly timed path.
Related violations: <none>

LUTAR-1#12 Warning
LUT drives async reset alert  
LUT cell FSM_C/load_i_reg[3]_LDC_i_1, with 2 or more inputs, drives asynchronous preset/clear pin(s) CRONO_C/load_i_reg[3]_P/PRE. The LUT may glitch and trigger an unexpected reset, even if it is a properly timed path.
Related violations: <none>

LUTAR-1#13 Warning
LUT drives async reset alert  
LUT cell FSM_C/load_i_reg[3]_LDC_i_2, with 2 or more inputs, drives asynchronous preset/clear pin(s) CRONO_C/load_i_reg[3]_C/CLR, CRONO_C/load_i_reg[3]_LDC/CLR. The LUT may glitch and trigger an unexpected reset, even if it is a properly timed path.
Related violations: <none>

LUTAR-1#14 Warning
LUT drives async reset alert  
LUT cell FSM_C/load_i_reg[4]_LDC_i_1, with 2 or more inputs, drives asynchronous preset/clear pin(s) CRONO_C/load_i_reg[4]_P/PRE. The LUT may glitch and trigger an unexpected reset, even if it is a properly timed path.
Related violations: <none>

LUTAR-1#15 Warning
LUT drives async reset alert  
LUT cell FSM_C/load_i_reg[4]_LDC_i_2, with 2 or more inputs, drives asynchronous preset/clear pin(s) CRONO_C/load_i_reg[4]_C/CLR, CRONO_C/load_i_reg[4]_LDC/CLR. The LUT may glitch and trigger an unexpected reset, even if it is a properly timed path.
Related violations: <none>

LUTAR-1#16 Warning
LUT drives async reset alert  
LUT cell FSM_C/load_i_reg[5]_LDC_i_1, with 2 or more inputs, drives asynchronous preset/clear pin(s) CRONO_C/load_i_reg[5]_P/PRE. The LUT may glitch and trigger an unexpected reset, even if it is a properly timed path.
Related violations: <none>

LUTAR-1#17 Warning
LUT drives async reset alert  
LUT cell FSM_C/load_i_reg[5]_LDC_i_2, with 2 or more inputs, drives asynchronous preset/clear pin(s) CRONO_C/load_i_reg[5]_C/CLR, CRONO_C/load_i_reg[5]_LDC/CLR. The LUT may glitch and trigger an unexpected reset, even if it is a properly timed path.
Related violations: <none>

LUTAR-1#18 Warning
LUT drives async reset alert  
LUT cell FSM_C/load_i_reg[6]_LDC_i_1, with 2 or more inputs, drives asynchronous preset/clear pin(s) CRONO_C/load_i_reg[6]_P/PRE. The LUT may glitch and trigger an unexpected reset, even if it is a properly timed path.
Related violations: <none>

LUTAR-1#19 Warning
LUT drives async reset alert  
LUT cell FSM_C/load_i_reg[6]_LDC_i_2, with 2 or more inputs, drives asynchronous preset/clear pin(s) CRONO_C/load_i_reg[6]_C/CLR, CRONO_C/load_i_reg[6]_LDC/CLR. The LUT may glitch and trigger an unexpected reset, even if it is a properly timed path.
Related violations: <none>

LUTAR-1#20 Warning
LUT drives async reset alert  
LUT cell FSM_C/load_i_reg[7]_LDC_i_1, with 2 or more inputs, drives asynchronous preset/clear pin(s) CRONO_C/load_i_reg[7]_P/PRE. The LUT may glitch and trigger an unexpected reset, even if it is a properly timed path.
Related violations: <none>

LUTAR-1#21 Warning
LUT drives async reset alert  
LUT cell FSM_C/load_i_reg[7]_LDC_i_2, with 2 or more inputs, drives asynchronous preset/clear pin(s) CRONO_C/load_i_reg[7]_C/CLR, CRONO_C/load_i_reg[7]_LDC/CLR. The LUT may glitch and trigger an unexpected reset, even if it is a properly timed path.
Related violations: <none>

LUTAR-1#22 Warning
LUT drives async reset alert  
LUT cell FSM_C/load_i_reg[8]_LDC_i_1, with 2 or more inputs, drives asynchronous preset/clear pin(s) CRONO_C/load_i_reg[8]_P/PRE. The LUT may glitch and trigger an unexpected reset, even if it is a properly timed path.
Related violations: <none>

LUTAR-1#23 Warning
LUT drives async reset alert  
LUT cell FSM_C/load_i_reg[8]_LDC_i_2, with 2 or more inputs, drives asynchronous preset/clear pin(s) CRONO_C/load_i_reg[8]_C/CLR, CRONO_C/load_i_reg[8]_LDC/CLR. The LUT may glitch and trigger an unexpected reset, even if it is a properly timed path.
Related violations: <none>

LUTAR-1#24 Warning
LUT drives async reset alert  
LUT cell FSM_C/load_i_reg[9]_LDC_i_1, with 2 or more inputs, drives asynchronous preset/clear pin(s) CRONO_C/load_i_reg[9]_P/PRE. The LUT may glitch and trigger an unexpected reset, even if it is a properly timed path.
Related violations: <none>

LUTAR-1#25 Warning
LUT drives async reset alert  
LUT cell FSM_C/load_i_reg[9]_LDC_i_2, with 2 or more inputs, drives asynchronous preset/clear pin(s) CRONO_C/load_i_reg[9]_C/CLR, CRONO_C/load_i_reg[9]_LDC/CLR. The LUT may glitch and trigger an unexpected reset, even if it is a properly timed path.
Related violations: <none>

TIMING-18#1 Warning
Missing input or output delay  
An input delay is missing on BUTTONS[0] relative to clock(s) sys_clk_pin
Related violations: <none>

TIMING-18#2 Warning
Missing input or output delay  
An input delay is missing on BUTTONS[1] relative to clock(s) sys_clk_pin
Related violations: <none>

TIMING-18#3 Warning
Missing input or output delay  
An input delay is missing on BUTTONS[2] relative to clock(s) sys_clk_pin
Related violations: <none>

TIMING-18#4 Warning
Missing input or output delay  
An input delay is missing on BUTTONS[3] relative to clock(s) sys_clk_pin
Related violations: <none>

TIMING-18#5 Warning
Missing input or output delay  
An input delay is missing on RESET relative to clock(s) sys_clk_pin
Related violations: <none>

TIMING-18#6 Warning
Missing input or output delay  
An input delay is missing on START relative to clock(s) sys_clk_pin
Related violations: <none>

TIMING-18#7 Warning
Missing input or output delay  
An output delay is missing on BCD_DATA[0] relative to clock(s) sys_clk_pin
Related violations: <none>

TIMING-18#8 Warning
Missing input or output delay  
An output delay is missing on BCD_DATA[1] relative to clock(s) sys_clk_pin
Related violations: <none>

TIMING-18#9 Warning
Missing input or output delay  
An output delay is missing on BCD_DATA[2] relative to clock(s) sys_clk_pin
Related violations: <none>

TIMING-18#10 Warning
Missing input or output delay  
An output delay is missing on BCD_DATA[3] relative to clock(s) sys_clk_pin
Related violations: <none>

TIMING-18#11 Warning
Missing input or output delay  
An output delay is missing on BCD_DATA[4] relative to clock(s) sys_clk_pin
Related violations: <none>

TIMING-18#12 Warning
Missing input or output delay  
An output delay is missing on BCD_DATA[5] relative to clock(s) sys_clk_pin
Related violations: <none>

TIMING-18#13 Warning
Missing input or output delay  
An output delay is missing on BCD_DATA[6] relative to clock(s) sys_clk_pin
Related violations: <none>

TIMING-18#14 Warning
Missing input or output delay  
An output delay is missing on INCL[0] relative to clock(s) sys_clk_pin
Related violations: <none>

TIMING-18#15 Warning
Missing input or output delay  
An output delay is missing on INCL[1] relative to clock(s) sys_clk_pin
Related violations: <none>

TIMING-18#16 Warning
Missing input or output delay  
An output delay is missing on INCL[2] relative to clock(s) sys_clk_pin
Related violations: <none>

TIMING-18#17 Warning
Missing input or output delay  
An output delay is missing on INCL[3] relative to clock(s) sys_clk_pin
Related violations: <none>

TIMING-18#18 Warning
Missing input or output delay  
An output delay is missing on SPEED[0] relative to clock(s) sys_clk_pin
Related violations: <none>

TIMING-18#19 Warning
Missing input or output delay  
An output delay is missing on SPEED[1] relative to clock(s) sys_clk_pin
Related violations: <none>

TIMING-18#20 Warning
Missing input or output delay  
An output delay is missing on SPEED[2] relative to clock(s) sys_clk_pin
Related violations: <none>

TIMING-18#21 Warning
Missing input or output delay  
An output delay is missing on SPEED[3] relative to clock(s) sys_clk_pin
Related violations: <none>

TIMING-18#22 Warning
Missing input or output delay  
An output delay is missing on leds[0] relative to clock(s) sys_clk_pin
Related violations: <none>

TIMING-18#23 Warning
Missing input or output delay  
An output delay is missing on leds[1] relative to clock(s) sys_clk_pin
Related violations: <none>

TIMING-18#24 Warning
Missing input or output delay  
An output delay is missing on leds[2] relative to clock(s) sys_clk_pin
Related violations: <none>

TIMING-18#25 Warning
Missing input or output delay  
An output delay is missing on leds[3] relative to clock(s) sys_clk_pin
Related violations: <none>

TIMING-18#26 Warning
Missing input or output delay  
An output delay is missing on leds[4] relative to clock(s) sys_clk_pin
Related violations: <none>

TIMING-18#27 Warning
Missing input or output delay  
An output delay is missing on leds[5] relative to clock(s) sys_clk_pin
Related violations: <none>

TIMING-18#28 Warning
Missing input or output delay  
An output delay is missing on leds[6] relative to clock(s) sys_clk_pin
Related violations: <none>

TIMING-20#1 Warning
Non-clocked latch  
The latch CRONO_C/load_i_reg[10]_LDC cannot be properly analyzed as its control pin CRONO_C/load_i_reg[10]_LDC/G is not reached by a timing clock
Related violations: <none>

TIMING-20#2 Warning
Non-clocked latch  
The latch CRONO_C/load_i_reg[11]_LDC cannot be properly analyzed as its control pin CRONO_C/load_i_reg[11]_LDC/G is not reached by a timing clock
Related violations: <none>

TIMING-20#3 Warning
Non-clocked latch  
The latch CRONO_C/load_i_reg[12]_LDC cannot be properly analyzed as its control pin CRONO_C/load_i_reg[12]_LDC/G is not reached by a timing clock
Related violations: <none>

TIMING-20#4 Warning
Non-clocked latch  
The latch CRONO_C/load_i_reg[1]_LDC cannot be properly analyzed as its control pin CRONO_C/load_i_reg[1]_LDC/G is not reached by a timing clock
Related violations: <none>

TIMING-20#5 Warning
Non-clocked latch  
The latch CRONO_C/load_i_reg[2]_LDC cannot be properly analyzed as its control pin CRONO_C/load_i_reg[2]_LDC/G is not reached by a timing clock
Related violations: <none>

TIMING-20#6 Warning
Non-clocked latch  
The latch CRONO_C/load_i_reg[3]_LDC cannot be properly analyzed as its control pin CRONO_C/load_i_reg[3]_LDC/G is not reached by a timing clock
Related violations: <none>

TIMING-20#7 Warning
Non-clocked latch  
The latch CRONO_C/load_i_reg[4]_LDC cannot be properly analyzed as its control pin CRONO_C/load_i_reg[4]_LDC/G is not reached by a timing clock
Related violations: <none>

TIMING-20#8 Warning
Non-clocked latch  
The latch CRONO_C/load_i_reg[5]_LDC cannot be properly analyzed as its control pin CRONO_C/load_i_reg[5]_LDC/G is not reached by a timing clock
Related violations: <none>

TIMING-20#9 Warning
Non-clocked latch  
The latch CRONO_C/load_i_reg[6]_LDC cannot be properly analyzed as its control pin CRONO_C/load_i_reg[6]_LDC/G is not reached by a timing clock
Related violations: <none>

TIMING-20#10 Warning
Non-clocked latch  
The latch CRONO_C/load_i_reg[7]_LDC cannot be properly analyzed as its control pin CRONO_C/load_i_reg[7]_LDC/G is not reached by a timing clock
Related violations: <none>

TIMING-20#11 Warning
Non-clocked latch  
The latch CRONO_C/load_i_reg[8]_LDC cannot be properly analyzed as its control pin CRONO_C/load_i_reg[8]_LDC/G is not reached by a timing clock
Related violations: <none>

TIMING-20#12 Warning
Non-clocked latch  
The latch CRONO_C/load_i_reg[9]_LDC cannot be properly analyzed as its control pin CRONO_C/load_i_reg[9]_LDC/G is not reached by a timing clock
Related violations: <none>

LATCH-1#1 Advisory
Existing latches in the design  
There are 12 latches found in the design. Inferred latches are often the result of HDL coding mistakes, such as incomplete if or case statements.
Related violations: <none>


